{"contracts/AutenticaERC20.sol":{"l":{"8":81},"path":"/Volumes/Storage/Workspace/Projects/Autentica/smart-contracts/contracts/AutenticaERC20.sol","s":{"1":81},"b":{},"f":{"1":81},"fnMap":{"1":{"name":"constructor","line":7,"loc":{"start":{"line":7,"column":4},"end":{"line":9,"column":4}}}},"statementMap":{"1":{"start":{"line":8,"column":8},"end":{"line":8,"column":58}}},"branchMap":{}},"contracts/AutenticaERC721.sol":{"l":{"68":151,"70":151,"77":2,"90":76,"96":74,"99":74,"102":74,"104":74,"111":800,"123":351,"125":349,"137":350,"139":348,"155":350,"157":349,"172":350,"174":349,"190":2,"192":1,"215":74,"218":72,"221":72,"222":72,"225":72,"267":60,"278":52,"279":52,"282":52,"290":52,"305":77,"308":76,"310":73,"334":67,"337":66,"338":63,"341":60,"347":57,"361":54,"363":53,"370":2,"388":2,"403":2,"409":1,"412":1,"430":3649,"449":0,"452":0,"463":294,"486":57,"490":57,"499":57,"510":205},"path":"/Volumes/Storage/Workspace/Projects/Autentica/smart-contracts/contracts/AutenticaERC721.sol","s":{"1":151,"2":151,"3":2,"4":76,"5":74,"6":74,"7":74,"8":74,"9":800,"10":351,"11":349,"12":350,"13":348,"14":350,"15":349,"16":350,"17":349,"18":2,"19":1,"20":74,"21":72,"22":72,"23":72,"24":72,"25":60,"26":52,"27":52,"28":52,"29":52,"30":77,"31":76,"32":73,"33":67,"34":66,"35":63,"36":60,"37":57,"38":54,"39":53,"40":2,"41":2,"42":2,"43":1,"44":1,"45":3649,"46":0,"47":294,"48":57,"49":57,"50":57,"51":205},"b":{"1":[74,2],"2":[349,2],"3":[348,2],"4":[349,1],"5":[349,1],"6":[1,1],"7":[76,1],"8":[66,1],"9":[57,3],"10":[54,3],"11":[53,1],"12":[1,1],"13":[196,9]},"f":{"1":151,"2":2,"3":76,"4":800,"5":351,"6":350,"7":350,"8":350,"9":2,"10":74,"11":60,"12":77,"13":67,"14":2,"15":2,"16":2,"17":3649,"18":0,"19":294,"20":57,"21":205},"fnMap":{"1":{"name":"constructor","line":66,"loc":{"start":{"line":66,"column":4},"end":{"line":71,"column":4}}},"2":{"name":"marketplace","line":76,"loc":{"start":{"line":76,"column":4},"end":{"line":78,"column":4}}},"3":{"name":"setMarketplace","line":86,"loc":{"start":{"line":86,"column":4},"end":{"line":105,"column":4}}},"4":{"name":"decimals","line":110,"loc":{"start":{"line":110,"column":4},"end":{"line":112,"column":4}}},"5":{"name":"getRoyaltyFee","line":122,"loc":{"start":{"line":122,"column":4},"end":{"line":126,"column":4}}},"6":{"name":"getInvestorFee","line":136,"loc":{"start":{"line":136,"column":4},"end":{"line":140,"column":4}}},"7":{"name":"getCreator","line":154,"loc":{"start":{"line":154,"column":4},"end":{"line":158,"column":4}}},"8":{"name":"getInvestor","line":171,"loc":{"start":{"line":171,"column":4},"end":{"line":175,"column":4}}},"9":{"name":"getTokenDetails","line":185,"loc":{"start":{"line":185,"column":4},"end":{"line":193,"column":4}}},"10":{"name":"mint","line":209,"loc":{"start":{"line":209,"column":4},"end":{"line":231,"column":4}}},"11":{"name":"investorMintingAndApproveMarketplace","line":256,"loc":{"start":{"line":256,"column":4},"end":{"line":291,"column":4}}},"12":{"name":"canPerformMint","line":299,"loc":{"start":{"line":299,"column":4},"end":{"line":311,"column":4}}},"13":{"name":"canPerformInvestorMinting","line":324,"loc":{"start":{"line":324,"column":4},"end":{"line":364,"column":4}}},"14":{"name":"exists","line":369,"loc":{"start":{"line":369,"column":4},"end":{"line":371,"column":4}}},"15":{"name":"tokenURI","line":381,"loc":{"start":{"line":381,"column":4},"end":{"line":389,"column":4}}},"16":{"name":"royaltyInfo","line":398,"loc":{"start":{"line":398,"column":4},"end":{"line":418,"column":4}}},"17":{"name":"supportsInterface","line":423,"loc":{"start":{"line":423,"column":4},"end":{"line":434,"column":4}}},"18":{"name":"_burn","line":444,"loc":{"start":{"line":444,"column":4},"end":{"line":453,"column":4}}},"19":{"name":"_beforeTokenTransfer","line":458,"loc":{"start":{"line":458,"column":4},"end":{"line":464,"column":4}}},"20":{"name":"_validateInvestorMintingSignature","line":477,"loc":{"start":{"line":477,"column":4},"end":{"line":502,"column":4}}},"21":{"name":"_validateFee","line":509,"loc":{"start":{"line":509,"column":4},"end":{"line":514,"column":4}}}},"statementMap":{"1":{"start":{"line":68,"column":8},"end":{"line":68,"column":51}},"2":{"start":{"line":70,"column":8},"end":{"line":70,"column":46}},"3":{"start":{"line":77,"column":8},"end":{"line":77,"column":27}},"4":{"start":{"line":90,"column":8},"end":{"line":90,"column":3042}},"5":{"start":{"line":96,"column":8},"end":{"line":96,"column":45}},"6":{"start":{"line":99,"column":8},"end":{"line":99,"column":40}},"7":{"start":{"line":102,"column":8},"end":{"line":102,"column":61}},"8":{"start":{"line":104,"column":8},"end":{"line":104,"column":27}},"9":{"start":{"line":111,"column":8},"end":{"line":111,"column":23}},"10":{"start":{"line":123,"column":8},"end":{"line":123,"column":72}},"11":{"start":{"line":125,"column":8},"end":{"line":125,"column":48}},"12":{"start":{"line":137,"column":8},"end":{"line":137,"column":72}},"13":{"start":{"line":139,"column":8},"end":{"line":139,"column":49}},"14":{"start":{"line":155,"column":8},"end":{"line":155,"column":72}},"15":{"start":{"line":157,"column":8},"end":{"line":157,"column":45}},"16":{"start":{"line":172,"column":8},"end":{"line":172,"column":72}},"17":{"start":{"line":174,"column":8},"end":{"line":174,"column":46}},"18":{"start":{"line":190,"column":8},"end":{"line":190,"column":72}},"19":{"start":{"line":192,"column":8},"end":{"line":192,"column":37}},"20":{"start":{"line":215,"column":8},"end":{"line":215,"column":42}},"21":{"start":{"line":218,"column":8},"end":{"line":218,"column":37}},"22":{"start":{"line":221,"column":8},"end":{"line":221,"column":33}},"23":{"start":{"line":222,"column":8},"end":{"line":222,"column":33}},"24":{"start":{"line":225,"column":8},"end":{"line":225,"column":6807}},"25":{"start":{"line":267,"column":8},"end":{"line":267,"column":8341}},"26":{"start":{"line":278,"column":8},"end":{"line":278,"column":34}},"27":{"start":{"line":279,"column":8},"end":{"line":279,"column":33}},"28":{"start":{"line":282,"column":8},"end":{"line":282,"column":8647}},"29":{"start":{"line":290,"column":8},"end":{"line":290,"column":38}},"30":{"start":{"line":305,"column":8},"end":{"line":305,"column":74}},"31":{"start":{"line":308,"column":8},"end":{"line":308,"column":31}},"32":{"start":{"line":310,"column":8},"end":{"line":310,"column":19}},"33":{"start":{"line":334,"column":8},"end":{"line":334,"column":74}},"34":{"start":{"line":337,"column":8},"end":{"line":337,"column":31}},"35":{"start":{"line":338,"column":8},"end":{"line":338,"column":32}},"36":{"start":{"line":341,"column":8},"end":{"line":341,"column":10349}},"37":{"start":{"line":347,"column":8},"end":{"line":347,"column":10503}},"38":{"start":{"line":361,"column":8},"end":{"line":361,"column":92}},"39":{"start":{"line":363,"column":8},"end":{"line":363,"column":19}},"40":{"start":{"line":370,"column":8},"end":{"line":370,"column":37}},"41":{"start":{"line":388,"column":8},"end":{"line":388,"column":38}},"42":{"start":{"line":403,"column":8},"end":{"line":403,"column":12140}},"43":{"start":{"line":409,"column":12},"end":{"line":409,"column":36}},"44":{"start":{"line":412,"column":12},"end":{"line":412,"column":12492}},"45":{"start":{"line":430,"column":8},"end":{"line":430,"column":12983}},"46":{"start":{"line":449,"column":8},"end":{"line":449,"column":27}},"47":{"start":{"line":463,"column":8},"end":{"line":463,"column":52}},"48":{"start":{"line":486,"column":8},"end":{"line":486,"column":14517}},"49":{"start":{"line":490,"column":8},"end":{"line":490,"column":14644}},"50":{"start":{"line":499,"column":8},"end":{"line":499,"column":14882}},"51":{"start":{"line":510,"column":8},"end":{"line":510,"column":15207}}},"branchMap":{"1":{"line":90,"type":"if","locations":[{"start":{"line":90,"column":8},"end":{"line":90,"column":8}},{"start":{"line":90,"column":8},"end":{"line":90,"column":8}}]},"2":{"line":123,"type":"if","locations":[{"start":{"line":123,"column":8},"end":{"line":123,"column":8}},{"start":{"line":123,"column":8},"end":{"line":123,"column":8}}]},"3":{"line":137,"type":"if","locations":[{"start":{"line":137,"column":8},"end":{"line":137,"column":8}},{"start":{"line":137,"column":8},"end":{"line":137,"column":8}}]},"4":{"line":155,"type":"if","locations":[{"start":{"line":155,"column":8},"end":{"line":155,"column":8}},{"start":{"line":155,"column":8},"end":{"line":155,"column":8}}]},"5":{"line":172,"type":"if","locations":[{"start":{"line":172,"column":8},"end":{"line":172,"column":8}},{"start":{"line":172,"column":8},"end":{"line":172,"column":8}}]},"6":{"line":190,"type":"if","locations":[{"start":{"line":190,"column":8},"end":{"line":190,"column":8}},{"start":{"line":190,"column":8},"end":{"line":190,"column":8}}]},"7":{"line":305,"type":"if","locations":[{"start":{"line":305,"column":8},"end":{"line":305,"column":8}},{"start":{"line":305,"column":8},"end":{"line":305,"column":8}}]},"8":{"line":334,"type":"if","locations":[{"start":{"line":334,"column":8},"end":{"line":334,"column":8}},{"start":{"line":334,"column":8},"end":{"line":334,"column":8}}]},"9":{"line":341,"type":"if","locations":[{"start":{"line":341,"column":8},"end":{"line":341,"column":8}},{"start":{"line":341,"column":8},"end":{"line":341,"column":8}}]},"10":{"line":347,"type":"if","locations":[{"start":{"line":347,"column":8},"end":{"line":347,"column":8}},{"start":{"line":347,"column":8},"end":{"line":347,"column":8}}]},"11":{"line":361,"type":"if","locations":[{"start":{"line":361,"column":8},"end":{"line":361,"column":8}},{"start":{"line":361,"column":8},"end":{"line":361,"column":8}}]},"12":{"line":403,"type":"if","locations":[{"start":{"line":403,"column":8},"end":{"line":403,"column":8}},{"start":{"line":403,"column":8},"end":{"line":403,"column":8}}]},"13":{"line":510,"type":"if","locations":[{"start":{"line":510,"column":8},"end":{"line":510,"column":8}},{"start":{"line":510,"column":8},"end":{"line":510,"column":8}}]}}},"contracts/IERC721Autentica.sol":{"l":{},"path":"/Volumes/Storage/Workspace/Projects/Autentica/smart-contracts/contracts/IERC721Autentica.sol","s":{},"b":{},"f":{},"fnMap":{},"statementMap":{},"branchMap":{}},"contracts/NFTMarketplace.sol":{"l":{"114":185,"115":185,"116":185,"117":185,"118":185,"121":185,"123":185,"126":185,"129":185,"130":409,"138":3,"149":3,"155":1,"158":1,"161":1,"163":1,"170":153,"177":928,"185":4,"189":3,"196":558,"197":493,"198":145,"202":413,"214":416,"220":414,"226":412,"232":410,"235":410,"247":8,"253":6,"259":4,"262":4,"263":1,"267":3,"269":3,"273":4,"304":145,"307":143,"317":141,"320":141,"328":141,"335":141,"341":141,"342":141,"343":10,"345":141,"346":14,"348":141,"349":32,"353":141,"356":141,"396":144,"399":142,"410":140,"413":140,"421":140,"428":140,"434":140,"435":140,"436":10,"442":140,"443":14,"445":140,"446":32,"453":140,"456":140,"490":292,"493":288,"496":287,"499":287,"502":286,"503":286,"510":286,"513":285,"528":282,"544":572,"546":572,"548":346,"554":161,"558":571,"574":571,"575":571,"577":346,"582":570,"596":287,"610":7,"616":5,"628":3,"634":1,"646":197,"647":197,"676":285,"691":285,"700":285,"716":690,"727":843,"728":643,"732":200,"742":281,"753":288,"770":287,"783":286,"801":568,"808":568,"810":344,"811":344,"814":160,"820":568,"837":281,"839":281,"842":101,"844":18,"849":180,"851":52,"853":52,"857":10,"859":10,"864":281},"path":"/Volumes/Storage/Workspace/Projects/Autentica/smart-contracts/contracts/NFTMarketplace.sol","s":{"1":185,"2":185,"3":185,"4":185,"5":185,"6":185,"7":185,"8":185,"9":185,"10":409,"11":3,"12":3,"13":1,"14":1,"15":1,"16":1,"17":153,"18":928,"19":4,"20":3,"21":558,"22":493,"23":145,"24":413,"25":416,"26":414,"27":412,"28":410,"29":410,"30":8,"31":6,"32":4,"33":4,"34":1,"35":3,"36":3,"37":4,"38":145,"39":143,"40":141,"41":141,"42":141,"43":141,"44":141,"45":141,"46":10,"47":141,"48":14,"49":141,"50":32,"51":141,"52":141,"53":144,"54":142,"55":140,"56":140,"57":140,"58":140,"59":140,"60":140,"61":10,"62":140,"63":14,"64":140,"65":32,"66":140,"67":140,"68":292,"69":288,"70":287,"71":287,"72":286,"73":286,"74":286,"75":285,"76":282,"77":572,"78":572,"79":346,"80":226,"81":161,"82":571,"83":571,"84":571,"85":346,"86":570,"87":287,"88":7,"89":5,"90":3,"91":1,"92":197,"93":197,"94":285,"95":285,"96":285,"97":690,"98":843,"99":643,"100":200,"101":281,"102":288,"103":287,"104":286,"105":568,"106":568,"107":344,"108":344,"109":224,"110":160,"111":568,"112":281,"113":281,"114":101,"115":18,"116":180,"117":52,"118":52,"119":10,"120":10,"121":281},"b":{"1":[1,2],"2":[3,1],"3":[145,348],"4":[414,2],"5":[412,2],"6":[410,2],"7":[6,2],"8":[4,2],"9":[1,3],"10":[143,2],"11":[10,131],"12":[14,127],"13":[32,109],"14":[142,2],"15":[10,130],"16":[14,126],"17":[32,108],"18":[288,4],"19":[282,3],"20":[346,226],"21":[161,65],"22":[346,225],"23":[5,2],"24":[1,2],"25":[197,0],"26":[643,200],"27":[287,1],"28":[286,1],"29":[285,1],"30":[344,224],"31":[160,64],"32":[101,180],"33":[18,83],"34":[52,128],"35":[10,42]},"f":{"1":185,"2":3,"3":3,"4":153,"5":928,"6":4,"7":558,"8":416,"9":8,"10":145,"11":144,"12":292,"13":572,"14":571,"15":287,"16":7,"17":3,"18":197,"19":285,"20":690,"21":843,"22":281,"23":288,"24":287,"25":286,"26":568,"27":281},"fnMap":{"1":{"name":"initialize","line":111,"loc":{"start":{"line":109,"column":4},"end":{"line":132,"column":4}}},"2":{"name":"autentica","line":137,"loc":{"start":{"line":137,"column":4},"end":{"line":139,"column":4}}},"3":{"name":"setAutentica","line":148,"loc":{"start":{"line":148,"column":4},"end":{"line":164,"column":4}}},"4":{"name":"decimals","line":169,"loc":{"start":{"line":169,"column":4},"end":{"line":171,"column":4}}},"5":{"name":"numberOfAllowedTokens","line":176,"loc":{"start":{"line":176,"column":4},"end":{"line":178,"column":4}}},"6":{"name":"allowedTokenAtIndex","line":184,"loc":{"start":{"line":184,"column":4},"end":{"line":190,"column":4}}},"7":{"name":"isTokenAllowed","line":195,"loc":{"start":{"line":195,"column":4},"end":{"line":203,"column":4}}},"8":{"name":"addAllowedToken","line":213,"loc":{"start":{"line":213,"column":4},"end":{"line":236,"column":4}}},"9":{"name":"removeAllowedTokenAtIndex","line":246,"loc":{"start":{"line":246,"column":4},"end":{"line":274,"column":4}}},"10":{"name":"tradeForCoins","line":302,"loc":{"start":{"line":295,"column":4},"end":{"line":365,"column":4}}},"11":{"name":"tradeForTokens","line":394,"loc":{"start":{"line":386,"column":4},"end":{"line":466,"column":4}}},"12":{"name":"canPerformTrade","line":480,"loc":{"start":{"line":480,"column":4},"end":{"line":529,"column":4}}},"13":{"name":"getRoyaltyFee","line":539,"loc":{"start":{"line":539,"column":4},"end":{"line":559,"column":4}}},"14":{"name":"getInvestorFee","line":569,"loc":{"start":{"line":569,"column":4},"end":{"line":583,"column":4}}},"15":{"name":"isMarketplaceApproved","line":591,"loc":{"start":{"line":591,"column":4},"end":{"line":599,"column":4}}},"16":{"name":"pause","line":608,"loc":{"start":{"line":608,"column":4},"end":{"line":617,"column":4}}},"17":{"name":"unpause","line":626,"loc":{"start":{"line":626,"column":4},"end":{"line":635,"column":4}}},"18":{"name":"_sendViaCall","line":645,"loc":{"start":{"line":645,"column":4},"end":{"line":648,"column":4}}},"19":{"name":"_validateTrade","line":664,"loc":{"start":{"line":664,"column":4},"end":{"line":703,"column":4}}},"20":{"name":"_normalizedFee","line":711,"loc":{"start":{"line":711,"column":4},"end":{"line":717,"column":4}}},"21":{"name":"_calculateProceedsForFee","line":722,"loc":{"start":{"line":722,"column":4},"end":{"line":733,"column":4}}},"22":{"name":"_calculateOwnerProceeds","line":738,"loc":{"start":{"line":738,"column":4},"end":{"line":747,"column":4}}},"23":{"name":"_validateERC721","line":752,"loc":{"start":{"line":752,"column":4},"end":{"line":760,"column":4}}},"24":{"name":"_validateNFTApproval","line":765,"loc":{"start":{"line":765,"column":4},"end":{"line":774,"column":4}}},"25":{"name":"_validateFees","line":779,"loc":{"start":{"line":779,"column":4},"end":{"line":787,"column":4}}},"26":{"name":"_nftDetails","line":795,"loc":{"start":{"line":795,"column":4},"end":{"line":821,"column":4}}},"27":{"name":"_percentagesDetails","line":831,"loc":{"start":{"line":831,"column":4},"end":{"line":865,"column":4}}}},"statementMap":{"1":{"start":{"line":114,"column":8},"end":{"line":114,"column":33}},"2":{"start":{"line":115,"column":8},"end":{"line":115,"column":32}},"3":{"start":{"line":116,"column":8},"end":{"line":116,"column":39}},"4":{"start":{"line":117,"column":8},"end":{"line":117,"column":41}},"5":{"start":{"line":118,"column":8},"end":{"line":118,"column":34}},"6":{"start":{"line":121,"column":8},"end":{"line":121,"column":51}},"7":{"start":{"line":123,"column":8},"end":{"line":123,"column":46}},"8":{"start":{"line":126,"column":8},"end":{"line":126,"column":26}},"9":{"start":{"line":129,"column":8},"end":{"line":129,"column":4227}},"10":{"start":{"line":130,"column":12},"end":{"line":130,"column":44}},"11":{"start":{"line":138,"column":8},"end":{"line":138,"column":25}},"12":{"start":{"line":149,"column":8},"end":{"line":149,"column":4710}},"13":{"start":{"line":155,"column":8},"end":{"line":155,"column":41}},"14":{"start":{"line":158,"column":8},"end":{"line":158,"column":26}},"15":{"start":{"line":161,"column":8},"end":{"line":161,"column":55}},"16":{"start":{"line":163,"column":8},"end":{"line":163,"column":25}},"17":{"start":{"line":170,"column":8},"end":{"line":170,"column":23}},"18":{"start":{"line":177,"column":8},"end":{"line":177,"column":36}},"19":{"start":{"line":185,"column":8},"end":{"line":185,"column":5688}},"20":{"start":{"line":189,"column":8},"end":{"line":189,"column":36}},"21":{"start":{"line":196,"column":8},"end":{"line":196,"column":6017}},"22":{"start":{"line":197,"column":12},"end":{"line":197,"column":6089}},"23":{"start":{"line":198,"column":16},"end":{"line":198,"column":27}},"24":{"start":{"line":202,"column":8},"end":{"line":202,"column":20}},"25":{"start":{"line":214,"column":8},"end":{"line":214,"column":6484}},"26":{"start":{"line":220,"column":8},"end":{"line":220,"column":6680}},"27":{"start":{"line":226,"column":8},"end":{"line":226,"column":6870}},"28":{"start":{"line":232,"column":8},"end":{"line":232,"column":40}},"29":{"start":{"line":235,"column":8},"end":{"line":235,"column":44}},"30":{"start":{"line":247,"column":8},"end":{"line":247,"column":7423}},"31":{"start":{"line":253,"column":8},"end":{"line":253,"column":7614}},"32":{"start":{"line":259,"column":8},"end":{"line":259,"column":52}},"33":{"start":{"line":262,"column":8},"end":{"line":262,"column":7957}},"34":{"start":{"line":263,"column":12},"end":{"line":263,"column":31}},"35":{"start":{"line":267,"column":12},"end":{"line":267,"column":78}},"36":{"start":{"line":269,"column":12},"end":{"line":269,"column":31}},"37":{"start":{"line":273,"column":8},"end":{"line":273,"column":46}},"38":{"start":{"line":304,"column":8},"end":{"line":304,"column":75}},"39":{"start":{"line":307,"column":8},"end":{"line":307,"column":9796}},"40":{"start":{"line":317,"column":8},"end":{"line":317,"column":57}},"41":{"start":{"line":320,"column":8},"end":{"line":320,"column":10089}},"42":{"start":{"line":328,"column":8},"end":{"line":328,"column":10334}},"43":{"start":{"line":335,"column":8},"end":{"line":335,"column":10662}},"44":{"start":{"line":341,"column":8},"end":{"line":341,"column":54}},"45":{"start":{"line":342,"column":8},"end":{"line":342,"column":10847}},"46":{"start":{"line":343,"column":12},"end":{"line":343,"column":65}},"47":{"start":{"line":345,"column":8},"end":{"line":345,"column":10962}},"48":{"start":{"line":346,"column":12},"end":{"line":346,"column":63}},"49":{"start":{"line":348,"column":8},"end":{"line":348,"column":11074}},"50":{"start":{"line":349,"column":12},"end":{"line":349,"column":66}},"51":{"start":{"line":353,"column":8},"end":{"line":353,"column":77}},"52":{"start":{"line":356,"column":8},"end":{"line":356,"column":11338}},"53":{"start":{"line":396,"column":8},"end":{"line":396,"column":74}},"54":{"start":{"line":399,"column":8},"end":{"line":399,"column":12876}},"55":{"start":{"line":410,"column":8},"end":{"line":410,"column":57}},"56":{"start":{"line":413,"column":8},"end":{"line":413,"column":13198}},"57":{"start":{"line":421,"column":8},"end":{"line":421,"column":13443}},"58":{"start":{"line":428,"column":8},"end":{"line":428,"column":13771}},"59":{"start":{"line":434,"column":8},"end":{"line":434,"column":66}},"60":{"start":{"line":435,"column":8},"end":{"line":435,"column":13968}},"61":{"start":{"line":436,"column":12},"end":{"line":436,"column":14013}},"62":{"start":{"line":442,"column":8},"end":{"line":442,"column":14157}},"63":{"start":{"line":443,"column":12},"end":{"line":443,"column":75}},"64":{"start":{"line":445,"column":8},"end":{"line":445,"column":14281}},"65":{"start":{"line":446,"column":12},"end":{"line":446,"column":14329}},"66":{"start":{"line":453,"column":8},"end":{"line":453,"column":77}},"67":{"start":{"line":456,"column":8},"end":{"line":456,"column":14618}},"68":{"start":{"line":490,"column":8},"end":{"line":490,"column":63}},"69":{"start":{"line":493,"column":8},"end":{"line":493,"column":34}},"70":{"start":{"line":496,"column":8},"end":{"line":496,"column":57}},"71":{"start":{"line":499,"column":8},"end":{"line":499,"column":53}},"72":{"start":{"line":502,"column":8},"end":{"line":502,"column":63}},"73":{"start":{"line":503,"column":8},"end":{"line":503,"column":65}},"74":{"start":{"line":510,"column":8},"end":{"line":510,"column":48}},"75":{"start":{"line":513,"column":8},"end":{"line":513,"column":16464}},"76":{"start":{"line":528,"column":8},"end":{"line":528,"column":19}},"77":{"start":{"line":544,"column":8},"end":{"line":544,"column":30}},"78":{"start":{"line":546,"column":8},"end":{"line":546,"column":17419}},"79":{"start":{"line":548,"column":12},"end":{"line":548,"column":17594}},"80":{"start":{"line":552,"column":15},"end":{"line":552,"column":17763}},"81":{"start":{"line":554,"column":12},"end":{"line":554,"column":93}},"82":{"start":{"line":558,"column":8},"end":{"line":558,"column":25}},"83":{"start":{"line":574,"column":8},"end":{"line":574,"column":31}},"84":{"start":{"line":575,"column":8},"end":{"line":575,"column":18757}},"85":{"start":{"line":577,"column":12},"end":{"line":577,"column":18932}},"86":{"start":{"line":582,"column":8},"end":{"line":582,"column":26}},"87":{"start":{"line":596,"column":8},"end":{"line":596,"column":19691}},"88":{"start":{"line":610,"column":8},"end":{"line":610,"column":19999}},"89":{"start":{"line":616,"column":8},"end":{"line":616,"column":15}},"90":{"start":{"line":628,"column":8},"end":{"line":628,"column":20395}},"91":{"start":{"line":634,"column":8},"end":{"line":634,"column":17}},"92":{"start":{"line":646,"column":8},"end":{"line":646,"column":50}},"93":{"start":{"line":647,"column":8},"end":{"line":647,"column":60}},"94":{"start":{"line":676,"column":8},"end":{"line":676,"column":21991}},"95":{"start":{"line":691,"column":8},"end":{"line":691,"column":22340}},"96":{"start":{"line":700,"column":8},"end":{"line":700,"column":22608}},"97":{"start":{"line":716,"column":8},"end":{"line":716,"column":67}},"98":{"start":{"line":727,"column":8},"end":{"line":727,"column":23402}},"99":{"start":{"line":728,"column":12},"end":{"line":728,"column":20}},"100":{"start":{"line":732,"column":8},"end":{"line":732,"column":51}},"101":{"start":{"line":742,"column":8},"end":{"line":742,"column":23827}},"102":{"start":{"line":753,"column":8},"end":{"line":753,"column":24105}},"103":{"start":{"line":770,"column":8},"end":{"line":770,"column":24580}},"104":{"start":{"line":783,"column":8},"end":{"line":783,"column":24962}},"105":{"start":{"line":801,"column":8},"end":{"line":801,"column":25511}},"106":{"start":{"line":808,"column":8},"end":{"line":808,"column":25885}},"107":{"start":{"line":810,"column":12},"end":{"line":810,"column":73}},"108":{"start":{"line":811,"column":12},"end":{"line":811,"column":75}},"109":{"start":{"line":812,"column":15},"end":{"line":812,"column":26213}},"110":{"start":{"line":814,"column":12},"end":{"line":814,"column":94}},"111":{"start":{"line":820,"column":8},"end":{"line":820,"column":18}},"112":{"start":{"line":837,"column":8},"end":{"line":837,"column":79}},"113":{"start":{"line":839,"column":8},"end":{"line":839,"column":27242}},"114":{"start":{"line":842,"column":12},"end":{"line":842,"column":27346}},"115":{"start":{"line":844,"column":16},"end":{"line":844,"column":116}},"116":{"start":{"line":849,"column":12},"end":{"line":849,"column":27707}},"117":{"start":{"line":851,"column":16},"end":{"line":851,"column":47}},"118":{"start":{"line":853,"column":16},"end":{"line":853,"column":27891}},"119":{"start":{"line":857,"column":20},"end":{"line":857,"column":100}},"120":{"start":{"line":859,"column":20},"end":{"line":859,"column":83}},"121":{"start":{"line":864,"column":8},"end":{"line":864,"column":26}}},"branchMap":{"1":{"line":149,"type":"if","locations":[{"start":{"line":149,"column":8},"end":{"line":149,"column":8}},{"start":{"line":149,"column":8},"end":{"line":149,"column":8}}]},"2":{"line":185,"type":"if","locations":[{"start":{"line":185,"column":8},"end":{"line":185,"column":8}},{"start":{"line":185,"column":8},"end":{"line":185,"column":8}}]},"3":{"line":197,"type":"if","locations":[{"start":{"line":197,"column":12},"end":{"line":197,"column":12}},{"start":{"line":197,"column":12},"end":{"line":197,"column":12}}]},"4":{"line":214,"type":"if","locations":[{"start":{"line":214,"column":8},"end":{"line":214,"column":8}},{"start":{"line":214,"column":8},"end":{"line":214,"column":8}}]},"5":{"line":220,"type":"if","locations":[{"start":{"line":220,"column":8},"end":{"line":220,"column":8}},{"start":{"line":220,"column":8},"end":{"line":220,"column":8}}]},"6":{"line":226,"type":"if","locations":[{"start":{"line":226,"column":8},"end":{"line":226,"column":8}},{"start":{"line":226,"column":8},"end":{"line":226,"column":8}}]},"7":{"line":247,"type":"if","locations":[{"start":{"line":247,"column":8},"end":{"line":247,"column":8}},{"start":{"line":247,"column":8},"end":{"line":247,"column":8}}]},"8":{"line":253,"type":"if","locations":[{"start":{"line":253,"column":8},"end":{"line":253,"column":8}},{"start":{"line":253,"column":8},"end":{"line":253,"column":8}}]},"9":{"line":262,"type":"if","locations":[{"start":{"line":262,"column":8},"end":{"line":262,"column":8}},{"start":{"line":262,"column":8},"end":{"line":262,"column":8}}]},"10":{"line":304,"type":"if","locations":[{"start":{"line":304,"column":8},"end":{"line":304,"column":8}},{"start":{"line":304,"column":8},"end":{"line":304,"column":8}}]},"11":{"line":342,"type":"if","locations":[{"start":{"line":342,"column":8},"end":{"line":342,"column":8}},{"start":{"line":342,"column":8},"end":{"line":342,"column":8}}]},"12":{"line":345,"type":"if","locations":[{"start":{"line":345,"column":8},"end":{"line":345,"column":8}},{"start":{"line":345,"column":8},"end":{"line":345,"column":8}}]},"13":{"line":348,"type":"if","locations":[{"start":{"line":348,"column":8},"end":{"line":348,"column":8}},{"start":{"line":348,"column":8},"end":{"line":348,"column":8}}]},"14":{"line":396,"type":"if","locations":[{"start":{"line":396,"column":8},"end":{"line":396,"column":8}},{"start":{"line":396,"column":8},"end":{"line":396,"column":8}}]},"15":{"line":435,"type":"if","locations":[{"start":{"line":435,"column":8},"end":{"line":435,"column":8}},{"start":{"line":435,"column":8},"end":{"line":435,"column":8}}]},"16":{"line":442,"type":"if","locations":[{"start":{"line":442,"column":8},"end":{"line":442,"column":8}},{"start":{"line":442,"column":8},"end":{"line":442,"column":8}}]},"17":{"line":445,"type":"if","locations":[{"start":{"line":445,"column":8},"end":{"line":445,"column":8}},{"start":{"line":445,"column":8},"end":{"line":445,"column":8}}]},"18":{"line":490,"type":"if","locations":[{"start":{"line":490,"column":8},"end":{"line":490,"column":8}},{"start":{"line":490,"column":8},"end":{"line":490,"column":8}}]},"19":{"line":513,"type":"if","locations":[{"start":{"line":513,"column":8},"end":{"line":513,"column":8}},{"start":{"line":513,"column":8},"end":{"line":513,"column":8}}]},"20":{"line":546,"type":"if","locations":[{"start":{"line":546,"column":8},"end":{"line":546,"column":8}},{"start":{"line":546,"column":8},"end":{"line":546,"column":8}}]},"21":{"line":552,"type":"if","locations":[{"start":{"line":552,"column":15},"end":{"line":552,"column":15}},{"start":{"line":552,"column":15},"end":{"line":552,"column":15}}]},"22":{"line":575,"type":"if","locations":[{"start":{"line":575,"column":8},"end":{"line":575,"column":8}},{"start":{"line":575,"column":8},"end":{"line":575,"column":8}}]},"23":{"line":610,"type":"if","locations":[{"start":{"line":610,"column":8},"end":{"line":610,"column":8}},{"start":{"line":610,"column":8},"end":{"line":610,"column":8}}]},"24":{"line":628,"type":"if","locations":[{"start":{"line":628,"column":8},"end":{"line":628,"column":8}},{"start":{"line":628,"column":8},"end":{"line":628,"column":8}}]},"25":{"line":647,"type":"if","locations":[{"start":{"line":647,"column":8},"end":{"line":647,"column":8}},{"start":{"line":647,"column":8},"end":{"line":647,"column":8}}]},"26":{"line":727,"type":"if","locations":[{"start":{"line":727,"column":8},"end":{"line":727,"column":8}},{"start":{"line":727,"column":8},"end":{"line":727,"column":8}}]},"27":{"line":753,"type":"if","locations":[{"start":{"line":753,"column":8},"end":{"line":753,"column":8}},{"start":{"line":753,"column":8},"end":{"line":753,"column":8}}]},"28":{"line":770,"type":"if","locations":[{"start":{"line":770,"column":8},"end":{"line":770,"column":8}},{"start":{"line":770,"column":8},"end":{"line":770,"column":8}}]},"29":{"line":783,"type":"if","locations":[{"start":{"line":783,"column":8},"end":{"line":783,"column":8}},{"start":{"line":783,"column":8},"end":{"line":783,"column":8}}]},"30":{"line":808,"type":"if","locations":[{"start":{"line":808,"column":8},"end":{"line":808,"column":8}},{"start":{"line":808,"column":8},"end":{"line":808,"column":8}}]},"31":{"line":812,"type":"if","locations":[{"start":{"line":812,"column":15},"end":{"line":812,"column":15}},{"start":{"line":812,"column":15},"end":{"line":812,"column":15}}]},"32":{"line":839,"type":"if","locations":[{"start":{"line":839,"column":8},"end":{"line":839,"column":8}},{"start":{"line":839,"column":8},"end":{"line":839,"column":8}}]},"33":{"line":842,"type":"if","locations":[{"start":{"line":842,"column":12},"end":{"line":842,"column":12}},{"start":{"line":842,"column":12},"end":{"line":842,"column":12}}]},"34":{"line":849,"type":"if","locations":[{"start":{"line":849,"column":12},"end":{"line":849,"column":12}},{"start":{"line":849,"column":12},"end":{"line":849,"column":12}}]},"35":{"line":853,"type":"if","locations":[{"start":{"line":853,"column":16},"end":{"line":853,"column":16}},{"start":{"line":853,"column":16},"end":{"line":853,"column":16}}]}}}}